<!DOCTYPE html PUBLIC "-//W3C//DTD XHTML 1.1//EN" "https://www.w3.org/TR/xhtml11/DTD/xhtml11.dtd">
<html xmlns="https://www.w3.org/1999/xhtml">
<head>
<meta http-equiv="content-type" content="text/html; charset=UTF-8"/>
<title>TestNG Report</title>
<style type="text/css">table {margin-bottom:10px;border-collapse:collapse;empty-cells:show}th,td {border:1px solid #009;padding:.25em .5em}th {vertical-align:bottom}td {vertical-align:top}table a {font-weight:bold}.stripe td {background-color: #E6EBF9}.num {text-align:right}.passedodd td {background-color: #3F3}.passedeven td {background-color: #0A0}.skippedodd td {background-color: #DDD}.skippedeven td {background-color: #CCC}.failedodd td,.attn {background-color: #F33}.failedeven td,.stripe .attn {background-color: #D00}.stacktrace {white-space:pre;font-family:monospace}.totop {font-size:85%;text-align:center;border-bottom:2px solid #000}.invisible {display:none}</style>
</head>
<body>
<table>
<tr><th>Test</th><th># Passed</th><th># Skipped</th><th># Retried</th><th># Failed</th><th>Time (ms)</th><th>Included Groups</th><th>Excluded Groups</th></tr>
<tr><th colspan="8">harisuite</th></tr>
<tr><td><a href="#t0">adminlogintest</a></td><td class="num">1</td><td class="num">0</td><td class="num">0</td><td class="num">0</td><td class="num">3,519</td><td></td><td></td></tr>
<tr class="stripe"><td><a href="#t1">invaliddata</a></td><td class="num">1</td><td class="num">0</td><td class="num">0</td><td class="num">0</td><td class="num">815</td><td></td><td></td></tr>
<tr><td><a href="#t2">empreeeg</a></td><td class="num">1</td><td class="num">0</td><td class="num">0</td><td class="num">0</td><td class="num">6,538</td><td></td><td></td></tr>
<tr class="stripe"><td><a href="#t3">userdata</a></td><td class="num">0</td><td class="num">0</td><td class="num">0</td><td class="num attn">1</td><td class="num">15,156</td><td></td><td></td></tr>
<tr><th>Total</th><th class="num">3</th><th class="num">0</th><th class="num">0</th><th class="num attn">1</th><th class="num">26,028</th><th colspan="2"></th></tr>
</table>
<table id='summary'><thead><tr><th>Class</th><th>Method</th><th>Start</th><th>Time (ms)</th></tr></thead><tbody><tr><th colspan="4">harisuite</th></tr></tbody><tbody id="t0"><tr><th colspan="4">adminlogintest &#8212; passed</th></tr><tr class="passedeven"><td rowspan="1">orangehrmtestcases.adminlogin</td><td><a href="#m0">loginasadmin</a></td><td rowspan="1">1679989785845</td><td rowspan="1">3487</td></tr></tbody>
<tbody id="t1"><tr><th colspan="4">invaliddata &#8212; passed</th></tr><tr class="passedeven"><td rowspan="1">orangehrmtestcases.invaliddata</td><td><a href="#m1">invalid</a></td><td rowspan="1">1679989789409</td><td rowspan="1">809</td></tr></tbody>
<tbody id="t2"><tr><th colspan="4">empreeeg &#8212; passed</th></tr><tr class="passedeven"><td rowspan="1">orangehrmtestcases.empreg</td><td><a href="#m2">empregg</a></td><td rowspan="1">1679989791407</td><td rowspan="1">4435</td></tr></tbody>
<tbody id="t3"><tr><th colspan="4">userdata &#8212; failed (configuration methods)</th></tr><tr class="failedeven"><td rowspan="1">orangehrmtestcases.userrregis</td><td><a href="#m3">logout</a></td><td rowspan="1">1679989811906</td><td rowspan="1">17</td></tr><tr><th colspan="4">userdata &#8212; failed</th></tr><tr class="failedeven"><td rowspan="1">orangehrmtestcases.userrregis</td><td><a href="#m4">reguser</a></td><td rowspan="1">1679989797992</td><td rowspan="1">13908</td></tr><tr><th colspan="4">userdata &#8212; skipped (configuration methods)</th></tr><tr class="skippedeven"><td rowspan="1">orangehrmtestcases.userrregis</td><td><a href="#m5">closeApp</a></td><td rowspan="1">1679989811951</td><td rowspan="1">-1679989811951</td></tr></tbody>
</table>
<h2>adminlogintest</h2><h3 id="m0">orangehrmtestcases.adminlogin#loginasadmin</h3><table class="result"><tr class="param"><th>Parameter #1</th><th>Parameter #2</th></tr><tr class="param stripe"><td>Admin</td><td>Qedge123!@#</td></tr></table><p class="totop"><a href="#summary">back to summary</a></p>
<h2>invaliddata</h2><h3 id="m1">orangehrmtestcases.invaliddata#invalid</h3><table class="result"><tr class="param"><th>Parameter #1</th><th>Parameter #2</th></tr><tr class="param stripe"><td>adm</td><td>QEdge12@#</td></tr></table><p class="totop"><a href="#summary">back to summary</a></p>
<h2>empreeeg</h2><h3 id="m2">orangehrmtestcases.empreg#empregg</h3><table class="result"><tr class="param"><th>Parameter #1</th><th>Parameter #2</th></tr><tr class="param stripe"><td>Richard</td><td>Johni</td></tr></table><p class="totop"><a href="#summary">back to summary</a></p>
<h2>userdata</h2><h3 id="m3">orangehrmtestcases.userrregis#logout</h3><table class="result"><tr><th>Exception</th></tr><tr><td><div class="stacktrace">org.openqa.selenium.NoSuchWindowException: no such window: target window already closed
from unknown error: web view not found
  (Session info: chrome=111.0.5563.111)
Build info: version: &apos;3.141.59&apos;, revision: &apos;e82be7d358&apos;, time: &apos;2018-11-14T08:25:53&apos;
System info: host: &apos;DESKTOP-7H2MO7P&apos;, ip: &apos;192.168.128.100&apos;, os.name: &apos;Windows 11&apos;, os.arch: &apos;amd64&apos;, os.version: &apos;10.0&apos;, java.version: &apos;17.0.6&apos;
Driver info: org.openqa.selenium.chrome.ChromeDriver
Capabilities {acceptInsecureCerts: false, browserName: chrome, browserVersion: 111.0.5563.111, chrome: {chromedriverVersion: 110.0.5481.77 (65ed616c6e8e..., userDataDir: C:\Users\LENOVO\AppData\Loc...}, goog:chromeOptions: {debuggerAddress: localhost:55697}, javascriptEnabled: true, networkConnectionEnabled: false, pageLoadStrategy: normal, platform: WINDOWS, platformName: WINDOWS, proxy: Proxy(), setWindowRect: true, strictFileInteractability: false, timeouts: {implicit: 0, pageLoad: 300000, script: 30000}, unhandledPromptBehavior: dismiss and notify, webauthn:extension:credBlob: true, webauthn:extension:largeBlob: true, webauthn:virtualAuthenticators: true}
Session ID: 95f173ce3e47239c16610e996261478b
*** Element info: {Using=partial link text, value=Welcome}
	at org.openqa.selenium.remote.http.W3CHttpResponseCodec.createException(W3CHttpResponseCodec.java:187)
	at org.openqa.selenium.remote.http.W3CHttpResponseCodec.decode(W3CHttpResponseCodec.java:122)
	at org.openqa.selenium.remote.http.W3CHttpResponseCodec.decode(W3CHttpResponseCodec.java:49)
	at org.openqa.selenium.remote.HttpCommandExecutor.execute(HttpCommandExecutor.java:158)
	at org.openqa.selenium.remote.service.DriverCommandExecutor.execute(DriverCommandExecutor.java:83)
	at org.openqa.selenium.remote.RemoteWebDriver.execute(RemoteWebDriver.java:552)
	at org.openqa.selenium.remote.RemoteWebDriver.findElement(RemoteWebDriver.java:323)
	at org.openqa.selenium.remote.RemoteWebDriver.findElementByPartialLinkText(RemoteWebDriver.java:388)
	at org.openqa.selenium.By$ByPartialLinkText.findElement(By.java:250)
	at org.openqa.selenium.remote.RemoteWebDriver.findElement(RemoteWebDriver.java:315)
	at orangehrm.libraries.loginPage.logout(loginPage.java:25)
	at orangehrm.libraries.Adminutils.logout(Adminutils.java:22)
... Removed 29 stack frames</div></td></tr></table><p class="totop"><a href="#summary">back to summary</a></p>
<h3 id="m4">orangehrmtestcases.userrregis#reguser</h3><table class="result"><tr class="param"><th>Parameter #1</th><th>Parameter #2</th><th>Parameter #3</th><th>Parameter #4</th></tr><tr class="param stripe"><td>ESS</td><td>Neeraja Demo</td><td>hareekrisaa</td><td>Qedge123!@#</td></tr><tr><th colspan="4">Exception</th></tr><tr><td colspan="4"><div class="stacktrace">org.openqa.selenium.NoSuchElementException: Cannot locate an element using id=searchSystemUser_userName
For documentation on this error, please visit: https://www.seleniumhq.org/exceptions/no_such_element.html
Build info: version: &apos;3.141.59&apos;, revision: &apos;e82be7d358&apos;, time: &apos;2018-11-14T08:25:53&apos;
System info: host: &apos;DESKTOP-7H2MO7P&apos;, ip: &apos;192.168.128.100&apos;, os.name: &apos;Windows 11&apos;, os.arch: &apos;amd64&apos;, os.version: &apos;10.0&apos;, java.version: &apos;17.0.6&apos;
Driver info: driver.version: RemoteWebDriver
	at org.openqa.selenium.remote.RemoteWebDriver.findElement(RemoteWebDriver.java:327)
	at org.openqa.selenium.remote.RemoteWebDriver.findElementById(RemoteWebDriver.java:372)
	at org.openqa.selenium.By$ById.findElement(By.java:188)
	at org.openqa.selenium.remote.RemoteWebDriver.findElement(RemoteWebDriver.java:315)
	at orangehrm.libraries.userreg.userregg(userreg.java:28)
	at orangehrmtestcases.userrregis.reguser(userrregis.java:22)
	at java.base/java.util.ArrayList.forEach(ArrayList.java:1511)
... Removed 27 stack frames</div></td></tr></table><p class="totop"><a href="#summary">back to summary</a></p>
<h3 id="m5">orangehrmtestcases.userrregis#closeApp</h3><table class="result"><tr><th class="invisible"/></tr></table><p class="totop"><a href="#summary">back to summary</a></p>
</body>
</html>
